Patch mag level: 0
Tissue mag level: 5
Patch size: 256
Patches per box: 10
Current working directory: /app/scripts
Contents of /app/data directory:
['.ipynb_checkpoints', 'testing', 'training']
Contents of /app directory:
['scripts', 'data']


Patch extraction is starting...


Extracting normal patches from normal WSI...
/app/data/training/normal
Total number of .tif files in '/app/data/training/normal': 158
/app/data/training/normal/normal_050.tif
FOR : /app/data/training/normal/normal_050.tif 
Number of patch extracted : 640 to /app/scripts/patch_classification/train/normal
/app/data/training/normal/normal_001.tif
FOR : /app/data/training/normal/normal_001.tif 
Number of patch extracted : 200 to /app/scripts/patch_classification/train/normal
/app/data/training/normal/normal_052.tif
FOR : /app/data/training/normal/normal_052.tif 
Number of patch extracted : 760 to /app/scripts/patch_classification/train/normal
/app/data/training/normal/normal_002.tif
FOR : /app/data/training/normal/normal_002.tif 
Number of patch extracted : 480 to /app/scripts/patch_classification/train/normal
/app/data/training/normal/normal_051.tif
FOR : /app/data/training/normal/normal_051.tif 
Number of patch extracted : 240 to /app/scripts/patch_classification/train/normal
/app/data/training/normal/normal_003.tif
FOR : /app/data/training/normal/normal_003.tif 
Number of patch extracted : 440 to /app/scripts/patch_classification/train/normal
/app/data/training/normal/normal_053.tif
FOR : /app/data/training/normal/normal_053.tif 
Number of patch extracted : 1240 to /app/scripts/patch_classification/train/normal
/app/data/training/normal/normal_004.tif
FOR : /app/data/training/normal/normal_004.tif 
Number of patch extracted : 280 to /app/scripts/patch_classification/train/normal
/app/data/training/normal/normal_054.tif
FOR : /app/data/training/normal/normal_054.tif 
Number of patch extracted : 240 to /app/scripts/patch_classification/train/normal
/app/data/training/normal/normal_005.tif
FOR : /app/data/training/normal/normal_005.tif 
Number of patch extracted : 560 to /app/scripts/patch_classification/train/normal
/app/data/training/normal/normal_055.tif
FOR : /app/data/training/normal/normal_055.tif 
Number of patch extracted : 520 to /app/scripts/patch_classification/train/normal
/app/data/training/normal/normal_006.tif
FOR : /app/data/training/normal/normal_006.tif 
Number of patch extracted : 80 to /app/scripts/patch_classification/train/normal
/app/data/training/normal/normal_062.tif
FOR : /app/data/training/normal/normal_062.tif 
Number of patch extracted : 200 to /app/scripts/patch_classification/train/normal
/app/data/training/normal/normal_007.tif
FOR : /app/data/training/normal/normal_007.tif 
Number of patch extracted : 200 to /app/scripts/patch_classification/train/normal
/app/data/training/normal/normal_063.tif
FOR : /app/data/training/normal/normal_063.tif 
Number of patch extracted : 600 to /app/scripts/patch_classification/train/normal
/app/data/training/normal/normal_008.tif
FOR : /app/data/training/normal/normal_008.tif 
Number of patch extracted : 80 to /app/scripts/patch_classification/train/normal
/app/data/training/normal/normal_064.tif
FOR : /app/data/training/normal/normal_064.tif 
Number of patch extracted : 1080 to /app/scripts/patch_classification/train/normal
/app/data/training/normal/normal_009.tif
FOR : /app/data/training/normal/normal_009.tif 
Number of patch extracted : 160 to /app/scripts/patch_classification/train/normal
/app/data/training/normal/normal_065.tif
FOR : /app/data/training/normal/normal_065.tif 
Number of patch extracted : 320 to /app/scripts/patch_classification/train/normal
/app/data/training/normal/normal_010.tif
FOR : /app/data/training/normal/normal_010.tif 
Number of patch extracted : 240 to /app/scripts/patch_classification/train/normal
/app/data/training/normal/normal_066.tif
FOR : /app/data/training/normal/normal_066.tif 
Number of patch extracted : 1280 to /app/scripts/patch_classification/train/normal
/app/data/training/normal/normal_011.tif
FOR : /app/data/training/normal/normal_011.tif 
Number of patch extracted : 440 to /app/scripts/patch_classification/train/normal
/app/data/training/normal/normal_067.tif
FOR : /app/data/training/normal/normal_067.tif 
Number of patch extracted : 1280 to /app/scripts/patch_classification/train/normal
/app/data/training/normal/normal_012.tif
FOR : /app/data/training/normal/normal_012.tif 
Number of patch extracted : 120 to /app/scripts/patch_classification/train/normal
/app/data/training/normal/normal_068.tif
FOR : /app/data/training/normal/normal_068.tif 
Number of patch extracted : 680 to /app/scripts/patch_classification/train/normal
/app/data/training/normal/normal_013.tif
FOR : /app/data/training/normal/normal_013.tif 
Number of patch extracted : 200 to /app/scripts/patch_classification/train/normal
/app/data/training/normal/normal_069.tif
FOR : /app/data/training/normal/normal_069.tif 
Number of patch extracted : 600 to /app/scripts/patch_classification/train/normal
/app/data/training/normal/normal_014.tif
FOR : /app/data/training/normal/normal_014.tif 
Number of patch extracted : 80 to /app/scripts/patch_classification/train/normal
/app/data/training/normal/normal_070.tif
FOR : /app/data/training/normal/normal_070.tif 
Number of patch extracted : 160 to /app/scripts/patch_classification/train/normal
/app/data/training/normal/normal_015.tif
FOR : /app/data/training/normal/normal_015.tif 
Number of patch extracted : 320 to /app/scripts/patch_classification/train/normal
/app/data/training/normal/normal_071.tif
FOR : /app/data/training/normal/normal_071.tif 
Number of patch extracted : 320 to /app/scripts/patch_classification/train/normal
/app/data/training/normal/normal_016.tif
FOR : /app/data/training/normal/normal_016.tif 
Number of patch extracted : 240 to /app/scripts/patch_classification/train/normal
/app/data/training/normal/normal_072.tif
FOR : /app/data/training/normal/normal_072.tif 
Number of patch extracted : 1440 to /app/scripts/patch_classification/train/normal
/app/data/training/normal/normal_017.tif
FOR : /app/data/training/normal/normal_017.tif 
Number of patch extracted : 160 to /app/scripts/patch_classification/train/normal
/app/data/training/normal/normal_073.tif
FOR : /app/data/training/normal/normal_073.tif 
Number of patch extracted : 320 to /app/scripts/patch_classification/train/normal
/app/data/training/normal/normal_018.tif
FOR : /app/data/training/normal/normal_018.tif 
Number of patch extracted : 200 to /app/scripts/patch_classification/train/normal
/app/data/training/normal/normal_074.tif
FOR : /app/data/training/normal/normal_074.tif 
Number of patch extracted : 280 to /app/scripts/patch_classification/train/normal
/app/data/training/normal/normal_019.tif
FOR : /app/data/training/normal/normal_019.tif 
Number of patch extracted : 80 to /app/scripts/patch_classification/train/normal
/app/data/training/normal/normal_075.tif
FOR : /app/data/training/normal/normal_075.tif 
Number of patch extracted : 680 to /app/scripts/patch_classification/train/normal
/app/data/training/normal/normal_020.tif
FOR : /app/data/training/normal/normal_020.tif 
Number of patch extracted : 200 to /app/scripts/patch_classification/train/normal
/app/data/training/normal/normal_076.tif
FOR : /app/data/training/normal/normal_076.tif 
Number of patch extracted : 1040 to /app/scripts/patch_classification/train/normal
/app/data/training/normal/normal_021.tif
FOR : /app/data/training/normal/normal_021.tif 
Number of patch extracted : 40 to /app/scripts/patch_classification/train/normal
/app/data/training/normal/normal_077.tif
FOR : /app/data/training/normal/normal_077.tif 
Number of patch extracted : 520 to /app/scripts/patch_classification/train/normal
/app/data/training/normal/normal_022.tif
FOR : /app/data/training/normal/normal_022.tif 
Number of patch extracted : 880 to /app/scripts/patch_classification/train/normal
/app/data/training/normal/normal_078.tif
FOR : /app/data/training/normal/normal_078.tif 
Number of patch extracted : 240 to /app/scripts/patch_classification/train/normal
/app/data/training/normal/normal_023.tif
FOR : /app/data/training/normal/normal_023.tif 
Number of patch extracted : 200 to /app/scripts/patch_classification/train/normal
/app/data/training/normal/normal_079.tif
FOR : /app/data/training/normal/normal_079.tif 
Number of patch extracted : 720 to /app/scripts/patch_classification/train/normal
/app/data/training/normal/normal_024.tif
FOR : /app/data/training/normal/normal_024.tif 
Number of patch extracted : 520 to /app/scripts/patch_classification/train/normal
/app/data/training/normal/normal_080.tif
FOR : /app/data/training/normal/normal_080.tif 
Number of patch extracted : 680 to /app/scripts/patch_classification/train/normal
/app/data/training/normal/normal_025.tif
FOR : /app/data/training/normal/normal_025.tif 
Number of patch extracted : 760 to /app/scripts/patch_classification/train/normal
/app/data/training/normal/normal_081.tif
FOR : /app/data/training/normal/normal_081.tif 
Number of patch extracted : 520 to /app/scripts/patch_classification/train/normal
/app/data/training/normal/normal_026.tif
FOR : /app/data/training/normal/normal_026.tif 
Number of patch extracted : 800 to /app/scripts/patch_classification/train/normal
/app/data/training/normal/normal_082.tif
FOR : /app/data/training/normal/normal_082.tif 
Number of patch extracted : 1400 to /app/scripts/patch_classification/train/normal
/app/data/training/normal/normal_027.tif
FOR : /app/data/training/normal/normal_027.tif 
Number of patch extracted : 160 to /app/scripts/patch_classification/train/normal
/app/data/training/normal/normal_083.tif
FOR : /app/data/training/normal/normal_083.tif 
Number of patch extracted : 440 to /app/scripts/patch_classification/train/normal
/app/data/training/normal/normal_028.tif
FOR : /app/data/training/normal/normal_028.tif 
Number of patch extracted : 560 to /app/scripts/patch_classification/train/normal
/app/data/training/normal/normal_084.tif
FOR : /app/data/training/normal/normal_084.tif 
Number of patch extracted : 160 to /app/scripts/patch_classification/train/normal
/app/data/training/normal/normal_029.tif
FOR : /app/data/training/normal/normal_029.tif 
Number of patch extracted : 280 to /app/scripts/patch_classification/train/normal
/app/data/training/normal/normal_085.tif
FOR : /app/data/training/normal/normal_085.tif 
Number of patch extracted : 240 to /app/scripts/patch_classification/train/normal
/app/data/training/normal/normal_030.tif
FOR : /app/data/training/normal/normal_030.tif 
Number of patch extracted : 560 to /app/scripts/patch_classification/train/normal
/app/data/training/normal/normal_087.tif
FOR : /app/data/training/normal/normal_087.tif 
Number of patch extracted : 600 to /app/scripts/patch_classification/train/normal
/app/data/training/normal/normal_031.tif
FOR : /app/data/training/normal/normal_031.tif 
Number of patch extracted : 800 to /app/scripts/patch_classification/train/normal
/app/data/training/normal/normal_088.tif
FOR : /app/data/training/normal/normal_088.tif 
Number of patch extracted : 720 to /app/scripts/patch_classification/train/normal
/app/data/training/normal/normal_032.tif
FOR : /app/data/training/normal/normal_032.tif 
Number of patch extracted : 600 to /app/scripts/patch_classification/train/normal
/app/data/training/normal/normal_089.tif
FOR : /app/data/training/normal/normal_089.tif 
Number of patch extracted : 560 to /app/scripts/patch_classification/train/normal
/app/data/training/normal/normal_033.tif
FOR : /app/data/training/normal/normal_033.tif 
Number of patch extracted : 520 to /app/scripts/patch_classification/train/normal
/app/data/training/normal/normal_090.tif
FOR : /app/data/training/normal/normal_090.tif 
Number of patch extracted : 720 to /app/scripts/patch_classification/train/normal
/app/data/training/normal/normal_034.tif
FOR : /app/data/training/normal/normal_034.tif 
Number of patch extracted : 1120 to /app/scripts/patch_classification/train/normal
/app/data/training/normal/normal_091.tif
FOR : /app/data/training/normal/normal_091.tif 
Number of patch extracted : 1400 to /app/scripts/patch_classification/train/normal
/app/data/training/normal/normal_035.tif
FOR : /app/data/training/normal/normal_035.tif 
Number of patch extracted : 520 to /app/scripts/patch_classification/train/normal
/app/data/training/normal/normal_092.tif
FOR : /app/data/training/normal/normal_092.tif 
Number of patch extracted : 1000 to /app/scripts/patch_classification/train/normal
/app/data/training/normal/normal_036.tif
FOR : /app/data/training/normal/normal_036.tif 
Number of patch extracted : 120 to /app/scripts/patch_classification/train/normal
/app/data/training/normal/normal_093.tif
FOR : /app/data/training/normal/normal_093.tif 
Number of patch extracted : 600 to /app/scripts/patch_classification/train/normal
/app/data/training/normal/normal_037.tif
FOR : /app/data/training/normal/normal_037.tif 
Number of patch extracted : 360 to /app/scripts/patch_classification/train/normal
/app/data/training/normal/normal_094.tif
FOR : /app/data/training/normal/normal_094.tif 
Number of patch extracted : 1160 to /app/scripts/patch_classification/train/normal
/app/data/training/normal/normal_038.tif
FOR : /app/data/training/normal/normal_038.tif 
Number of patch extracted : 240 to /app/scripts/patch_classification/train/normal
/app/data/training/normal/normal_095.tif
FOR : /app/data/training/normal/normal_095.tif 
Number of patch extracted : 480 to /app/scripts/patch_classification/train/normal
/app/data/training/normal/normal_039.tif
FOR : /app/data/training/normal/normal_039.tif 
Number of patch extracted : 880 to /app/scripts/patch_classification/train/normal
/app/data/training/normal/normal_096.tif
FOR : /app/data/training/normal/normal_096.tif 
Number of patch extracted : 760 to /app/scripts/patch_classification/train/normal
/app/data/training/normal/normal_040.tif
FOR : /app/data/training/normal/normal_040.tif 
Number of patch extracted : 1400 to /app/scripts/patch_classification/train/normal
/app/data/training/normal/normal_097.tif
FOR : /app/data/training/normal/normal_097.tif 
Number of patch extracted : 600 to /app/scripts/patch_classification/train/normal
/app/data/training/normal/normal_041.tif
FOR : /app/data/training/normal/normal_041.tif 
Number of patch extracted : 560 to /app/scripts/patch_classification/train/normal
/app/data/training/normal/normal_098.tif
FOR : /app/data/training/normal/normal_098.tif 
Number of patch extracted : 280 to /app/scripts/patch_classification/train/normal
/app/data/training/normal/normal_042.tif
FOR : /app/data/training/normal/normal_042.tif 
Number of patch extracted : 40 to /app/scripts/patch_classification/train/normal
/app/data/training/normal/normal_099.tif
FOR : /app/data/training/normal/normal_099.tif 
Number of patch extracted : 480 to /app/scripts/patch_classification/train/normal
/app/data/training/normal/normal_043.tif
FOR : /app/data/training/normal/normal_043.tif 
Number of patch extracted : 80 to /app/scripts/patch_classification/train/normal
/app/data/training/normal/normal_100.tif
FOR : /app/data/training/normal/normal_100.tif 
Number of patch extracted : 560 to /app/scripts/patch_classification/train/normal
/app/data/training/normal/normal_044.tif
FOR : /app/data/training/normal/normal_044.tif 
Number of patch extracted : 1200 to /app/scripts/patch_classification/train/normal
/app/data/training/normal/normal_101.tif
FOR : /app/data/training/normal/normal_101.tif 
Number of patch extracted : 160 to /app/scripts/patch_classification/train/normal
/app/data/training/normal/normal_045.tif
FOR : /app/data/training/normal/normal_045.tif 
Number of patch extracted : 280 to /app/scripts/patch_classification/train/normal
/app/data/training/normal/normal_102.tif
FOR : /app/data/training/normal/normal_102.tif 
Number of patch extracted : 1000 to /app/scripts/patch_classification/train/normal
/app/data/training/normal/normal_046.tif
FOR : /app/data/training/normal/normal_046.tif 
Number of patch extracted : 120 to /app/scripts/patch_classification/train/normal
/app/data/training/normal/normal_103.tif
FOR : /app/data/training/normal/normal_103.tif 
Number of patch extracted : 440 to /app/scripts/patch_classification/train/normal
/app/data/training/normal/normal_047.tif
FOR : /app/data/training/normal/normal_047.tif 
Number of patch extracted : 160 to /app/scripts/patch_classification/train/normal
/app/data/training/normal/normal_104.tif
FOR : /app/data/training/normal/normal_104.tif 
Number of patch extracted : 920 to /app/scripts/patch_classification/train/normal
/app/data/training/normal/normal_048.tif
FOR : /app/data/training/normal/normal_048.tif 
Number of patch extracted : 80 to /app/scripts/patch_classification/train/normal
/app/data/training/normal/normal_105.tif
FOR : /app/data/training/normal/normal_105.tif 
Number of patch extracted : 480 to /app/scripts/patch_classification/train/normal
/app/data/training/normal/normal_049.tif
FOR : /app/data/training/normal/normal_049.tif 
Number of patch extracted : 320 to /app/scripts/patch_classification/train/normal
/app/data/training/normal/normal_056.tif
FOR : /app/data/training/normal/normal_056.tif 
Number of patch extracted : 400 to /app/scripts/patch_classification/train/normal
/app/data/training/normal/normal_106.tif
FOR : /app/data/training/normal/normal_106.tif 
Number of patch extracted : 3600 to /app/scripts/patch_classification/train/normal
/app/data/training/normal/normal_057.tif
FOR : /app/data/training/normal/normal_057.tif 
Number of patch extracted : 320 to /app/scripts/patch_classification/train/normal
/app/data/training/normal/normal_107.tif
FOR : /app/data/training/normal/normal_107.tif 
Number of patch extracted : 520 to /app/scripts/patch_classification/train/normal
/app/data/training/normal/normal_058.tif
FOR : /app/data/training/normal/normal_058.tif 
Number of patch extracted : 200 to /app/scripts/patch_classification/train/normal
/app/data/training/normal/normal_108.tif
FOR : /app/data/training/normal/normal_108.tif 
Number of patch extracted : 40 to /app/scripts/patch_classification/train/normal
/app/data/training/normal/normal_059.tif
FOR : /app/data/training/normal/normal_059.tif 
Number of patch extracted : 760 to /app/scripts/patch_classification/train/normal
/app/data/training/normal/normal_109.tif
FOR : /app/data/training/normal/normal_109.tif 
Number of patch extracted : 1960 to /app/scripts/patch_classification/train/normal
/app/data/training/normal/normal_060.tif
FOR : /app/data/training/normal/normal_060.tif 
Number of patch extracted : 80 to /app/scripts/patch_classification/train/normal
/app/data/training/normal/normal_110.tif
FOR : /app/data/training/normal/normal_110.tif 
Number of patch extracted : 520 to /app/scripts/patch_classification/train/normal
/app/data/training/normal/normal_061.tif
FOR : /app/data/training/normal/normal_061.tif 
Number of patch extracted : 600 to /app/scripts/patch_classification/train/normal
/app/data/training/normal/normal_111.tif
FOR : /app/data/training/normal/normal_111.tif 
Number of patch extracted : 2640 to /app/scripts/patch_classification/train/normal
/app/data/training/normal/normal_112.tif
FOR : /app/data/training/normal/normal_112.tif 
Number of patch extracted : 800 to /app/scripts/patch_classification/train/normal
/app/data/training/normal/normal_113.tif
FOR : /app/data/training/normal/normal_113.tif 
Number of patch extracted : 1640 to /app/scripts/patch_classification/train/normal
/app/data/training/normal/normal_114.tif
FOR : /app/data/training/normal/normal_114.tif 
Number of patch extracted : 3520 to /app/scripts/patch_classification/train/normal
/app/data/training/normal/normal_115.tif
FOR : /app/data/training/normal/normal_115.tif 
Number of patch extracted : 1120 to /app/scripts/patch_classification/train/normal
/app/data/training/normal/normal_116.tif
FOR : /app/data/training/normal/normal_116.tif 
Number of patch extracted : 480 to /app/scripts/patch_classification/train/normal
/app/data/training/normal/normal_117.tif
FOR : /app/data/training/normal/normal_117.tif 
Number of patch extracted : 1120 to /app/scripts/patch_classification/train/normal
/app/data/training/normal/normal_118.tif
FOR : /app/data/training/normal/normal_118.tif 
Number of patch extracted : 1200 to /app/scripts/patch_classification/train/normal
/app/data/training/normal/normal_119.tif
FOR : /app/data/training/normal/normal_119.tif 
Number of patch extracted : 1480 to /app/scripts/patch_classification/train/normal
/app/data/training/normal/normal_120.tif
FOR : /app/data/training/normal/normal_120.tif 
Number of patch extracted : 1280 to /app/scripts/patch_classification/train/normal
/app/data/training/normal/normal_121.tif
FOR : /app/data/training/normal/normal_121.tif 
Number of patch extracted : 720 to /app/scripts/patch_classification/train/normal
/app/data/training/normal/normal_122.tif
FOR : /app/data/training/normal/normal_122.tif 
Number of patch extracted : 720 to /app/scripts/patch_classification/train/normal
/app/data/training/normal/normal_123.tif
FOR : /app/data/training/normal/normal_123.tif 
Number of patch extracted : 760 to /app/scripts/patch_classification/train/normal
/app/data/training/normal/normal_124.tif
FOR : /app/data/training/normal/normal_124.tif 
Number of patch extracted : 1280 to /app/scripts/patch_classification/train/normal
/app/data/training/normal/normal_125.tif
FOR : /app/data/training/normal/normal_125.tif 
Number of patch extracted : 1680 to /app/scripts/patch_classification/train/normal
/app/data/training/normal/normal_126.tif
FOR : /app/data/training/normal/normal_126.tif 
Number of patch extracted : 2440 to /app/scripts/patch_classification/train/normal
/app/data/training/normal/normal_127.tif
FOR : /app/data/training/normal/normal_127.tif 
Number of patch extracted : 880 to /app/scripts/patch_classification/train/normal
/app/data/training/normal/normal_128.tif
FOR : /app/data/training/normal/normal_128.tif 
Number of patch extracted : 240 to /app/scripts/patch_classification/train/normal
/app/data/training/normal/normal_129.tif
FOR : /app/data/training/normal/normal_129.tif 
Number of patch extracted : 2000 to /app/scripts/patch_classification/train/normal
/app/data/training/normal/normal_130.tif
FOR : /app/data/training/normal/normal_130.tif 
Number of patch extracted : 720 to /app/scripts/patch_classification/train/normal
/app/data/training/normal/normal_131.tif
FOR : /app/data/training/normal/normal_131.tif 
Number of patch extracted : 2120 to /app/scripts/patch_classification/train/normal
/app/data/training/normal/normal_132.tif
FOR : /app/data/training/normal/normal_132.tif 
Number of patch extracted : 960 to /app/scripts/patch_classification/train/normal
/app/data/training/normal/normal_133.tif
FOR : /app/data/training/normal/normal_133.tif 
Number of patch extracted : 640 to /app/scripts/patch_classification/train/normal
/app/data/training/normal/normal_134.tif
FOR : /app/data/training/normal/normal_134.tif 
Number of patch extracted : 720 to /app/scripts/patch_classification/train/normal
/app/data/training/normal/normal_135.tif
FOR : /app/data/training/normal/normal_135.tif 
Number of patch extracted : 640 to /app/scripts/patch_classification/train/normal
/app/data/training/normal/normal_136.tif
FOR : /app/data/training/normal/normal_136.tif 
Number of patch extracted : 360 to /app/scripts/patch_classification/train/normal
/app/data/training/normal/normal_137.tif
FOR : /app/data/training/normal/normal_137.tif 
Number of patch extracted : 1680 to /app/scripts/patch_classification/train/normal
/app/data/training/normal/normal_138.tif
FOR : /app/data/training/normal/normal_138.tif 
Number of patch extracted : 1040 to /app/scripts/patch_classification/train/normal
/app/data/training/normal/normal_139.tif
FOR : /app/data/training/normal/normal_139.tif 
Number of patch extracted : 1720 to /app/scripts/patch_classification/train/normal
/app/data/training/normal/normal_140.tif
FOR : /app/data/training/normal/normal_140.tif 
Number of patch extracted : 640 to /app/scripts/patch_classification/train/normal
/app/data/training/normal/normal_141.tif
FOR : /app/data/training/normal/normal_141.tif 
Number of patch extracted : 360 to /app/scripts/patch_classification/train/normal
/app/data/training/normal/normal_142.tif
FOR : /app/data/training/normal/normal_142.tif 
Number of patch extracted : 1640 to /app/scripts/patch_classification/train/normal
/app/data/training/normal/normal_143.tif
FOR : /app/data/training/normal/normal_143.tif 
Number of patch extracted : 1440 to /app/scripts/patch_classification/train/normal
/app/data/training/normal/normal_145.tif
FOR : /app/data/training/normal/normal_145.tif 
Number of patch extracted : 720 to /app/scripts/patch_classification/train/normal
/app/data/training/normal/normal_146.tif
FOR : /app/data/training/normal/normal_146.tif 
Number of patch extracted : 1880 to /app/scripts/patch_classification/train/normal
/app/data/training/normal/normal_147.tif
FOR : /app/data/training/normal/normal_147.tif 
Number of patch extracted : 2560 to /app/scripts/patch_classification/train/normal
/app/data/training/normal/normal_148.tif
FOR : /app/data/training/normal/normal_148.tif 
Number of patch extracted : 240 to /app/scripts/patch_classification/train/normal
/app/data/training/normal/normal_149.tif
FOR : /app/data/training/normal/normal_149.tif 
Number of patch extracted : 760 to /app/scripts/patch_classification/train/normal
/app/data/training/normal/normal_150.tif
FOR : /app/data/training/normal/normal_150.tif 
Number of patch extracted : 400 to /app/scripts/patch_classification/train/normal
/app/data/training/normal/normal_151.tif
FOR : /app/data/training/normal/normal_151.tif 
Number of patch extracted : 360 to /app/scripts/patch_classification/train/normal
/app/data/training/normal/normal_152.tif
FOR : /app/data/training/normal/normal_152.tif 
Number of patch extracted : 1000 to /app/scripts/patch_classification/train/normal
/app/data/training/normal/normal_153.tif
FOR : /app/data/training/normal/normal_153.tif 
Number of patch extracted : 640 to /app/scripts/patch_classification/train/normal
/app/data/training/normal/normal_154.tif
FOR : /app/data/training/normal/normal_154.tif 
Number of patch extracted : 2360 to /app/scripts/patch_classification/train/normal
/app/data/training/normal/normal_155.tif
FOR : /app/data/training/normal/normal_155.tif 
Number of patch extracted : 1240 to /app/scripts/patch_classification/train/normal
/app/data/training/normal/normal_156.tif
FOR : /app/data/training/normal/normal_156.tif 
Number of patch extracted : 720 to /app/scripts/patch_classification/train/normal
/app/data/training/normal/normal_157.tif
FOR : /app/data/training/normal/normal_157.tif 
Number of patch extracted : 1840 to /app/scripts/patch_classification/train/normal
/app/data/training/normal/normal_158.tif
FOR : /app/data/training/normal/normal_158.tif 
Number of patch extracted : 1840 to /app/scripts/patch_classification/train/normal
/app/data/training/normal/normal_159.tif
FOR : /app/data/training/normal/normal_159.tif 
Number of patch extracted : 600 to /app/scripts/patch_classification/train/normal
/app/data/training/normal/normal_160.tif
FOR : /app/data/training/normal/normal_160.tif 
Number of patch extracted : 320 to /app/scripts/patch_classification/train/normal


Extracting normal and tumor patches from tumor WSI...
/app/data/training/tumor
/app/data/training/tumor/tumor_050.tif
FOR : /app/data/training/tumor/tumor_050.tif
Number of normal patch extracted : 360 to /app/scripts/patch_classification/train/normal

Number of tumor patch extracted : 240 to /app/scripts/patch_classification/train/tumor
/app/data/training/tumor/tumor_001.tif
FOR : /app/data/training/tumor/tumor_001.tif
Number of normal patch extracted : 720 to /app/scripts/patch_classification/train/normal

Number of tumor patch extracted : 80 to /app/scripts/patch_classification/train/tumor
/app/data/training/tumor/tumor_052.tif
FOR : /app/data/training/tumor/tumor_052.tif
Number of normal patch extracted : 680 to /app/scripts/patch_classification/train/normal

Number of tumor patch extracted : 560 to /app/scripts/patch_classification/train/tumor
/app/data/training/tumor/tumor_002.tif
FOR : /app/data/training/tumor/tumor_002.tif
Number of normal patch extracted : 280 to /app/scripts/patch_classification/train/normal

Number of tumor patch extracted : 40 to /app/scripts/patch_classification/train/tumor
/app/data/training/tumor/tumor_051.tif
FOR : /app/data/training/tumor/tumor_051.tif
Number of normal patch extracted : 240 to /app/scripts/patch_classification/train/normal

Number of tumor patch extracted : 640 to /app/scripts/patch_classification/train/tumor
/app/data/training/tumor/tumor_003.tif
FOR : /app/data/training/tumor/tumor_003.tif
Number of normal patch extracted : 640 to /app/scripts/patch_classification/train/normal

Number of tumor patch extracted : 560 to /app/scripts/patch_classification/train/tumor
/app/data/training/tumor/tumor_053.tif
FOR : /app/data/training/tumor/tumor_053.tif
Number of normal patch extracted : 520 to /app/scripts/patch_classification/train/normal

Number of tumor patch extracted : 40 to /app/scripts/patch_classification/train/tumor
/app/data/training/tumor/tumor_004.tif
FOR : /app/data/training/tumor/tumor_004.tif
Number of normal patch extracted : 960 to /app/scripts/patch_classification/train/normal

Number of tumor patch extracted : 280 to /app/scripts/patch_classification/train/tumor
/app/data/training/tumor/tumor_054.tif
FOR : /app/data/training/tumor/tumor_054.tif
Number of normal patch extracted : 1040 to /app/scripts/patch_classification/train/normal

Number of tumor patch extracted : 520 to /app/scripts/patch_classification/train/tumor
/app/data/training/tumor/tumor_005.tif
FOR : /app/data/training/tumor/tumor_005.tif
Number of normal patch extracted : 80 to /app/scripts/patch_classification/train/normal

Number of tumor patch extracted : 160 to /app/scripts/patch_classification/train/tumor
/app/data/training/tumor/tumor_055.tif
FOR : /app/data/training/tumor/tumor_055.tif
Number of normal patch extracted : 200 to /app/scripts/patch_classification/train/normal

Number of tumor patch extracted : 1160 to /app/scripts/patch_classification/train/tumor
/app/data/training/tumor/tumor_006.tif
FOR : /app/data/training/tumor/tumor_006.tif
Number of normal patch extracted : 720 to /app/scripts/patch_classification/train/normal

Number of tumor patch extracted : 200 to /app/scripts/patch_classification/train/tumor
/app/data/training/tumor/tumor_062.tif
FOR : /app/data/training/tumor/tumor_062.tif
Number of normal patch extracted : 400 to /app/scripts/patch_classification/train/normal

Number of tumor patch extracted : 80 to /app/scripts/patch_classification/train/tumor
/app/data/training/tumor/tumor_007.tif
FOR : /app/data/training/tumor/tumor_007.tif
Number of normal patch extracted : 280 to /app/scripts/patch_classification/train/normal

Number of tumor patch extracted : 360 to /app/scripts/patch_classification/train/tumor
/app/data/training/tumor/tumor_063.tif
FOR : /app/data/training/tumor/tumor_063.tif
Number of normal patch extracted : 480 to /app/scripts/patch_classification/train/normal

Number of tumor patch extracted : 120 to /app/scripts/patch_classification/train/tumor
/app/data/training/tumor/tumor_008.tif
FOR : /app/data/training/tumor/tumor_008.tif
Number of normal patch extracted : 480 to /app/scripts/patch_classification/train/normal

Number of tumor patch extracted : 280 to /app/scripts/patch_classification/train/tumor
/app/data/training/tumor/tumor_064.tif
FOR : /app/data/training/tumor/tumor_064.tif
Number of normal patch extracted : 440 to /app/scripts/patch_classification/train/normal

Number of tumor patch extracted : 1400 to /app/scripts/patch_classification/train/tumor
/app/data/training/tumor/tumor_009.tif
FOR : /app/data/training/tumor/tumor_009.tif
Number of normal patch extracted : 520 to /app/scripts/patch_classification/train/normal

Number of tumor patch extracted : 240 to /app/scripts/patch_classification/train/tumor
/app/data/training/tumor/tumor_065.tif
FOR : /app/data/training/tumor/tumor_065.tif
Number of normal patch extracted : 240 to /app/scripts/patch_classification/train/normal

Number of tumor patch extracted : 440 to /app/scripts/patch_classification/train/tumor
/app/data/training/tumor/tumor_010.tif
FOR : /app/data/training/tumor/tumor_010.tif
Number of normal patch extracted : 1400 to /app/scripts/patch_classification/train/normal

Number of tumor patch extracted : 120 to /app/scripts/patch_classification/train/tumor
/app/data/training/tumor/tumor_066.tif
FOR : /app/data/training/tumor/tumor_066.tif
Number of normal patch extracted : 600 to /app/scripts/patch_classification/train/normal

Number of tumor patch extracted : 120 to /app/scripts/patch_classification/train/tumor
/app/data/training/tumor/tumor_011.tif
FOR : /app/data/training/tumor/tumor_011.tif
Number of normal patch extracted : 520 to /app/scripts/patch_classification/train/normal

Number of tumor patch extracted : 2520 to /app/scripts/patch_classification/train/tumor
/app/data/training/tumor/tumor_067.tif
FOR : /app/data/training/tumor/tumor_067.tif
Number of normal patch extracted : 440 to /app/scripts/patch_classification/train/normal

Number of tumor patch extracted : 40 to /app/scripts/patch_classification/train/tumor
/app/data/training/tumor/tumor_012.tif
FOR : /app/data/training/tumor/tumor_012.tif
Number of normal patch extracted : 200 to /app/scripts/patch_classification/train/normal

Number of tumor patch extracted : 40 to /app/scripts/patch_classification/train/tumor
/app/data/training/tumor/tumor_068.tif
FOR : /app/data/training/tumor/tumor_068.tif
Number of normal patch extracted : 360 to /app/scripts/patch_classification/train/normal

Number of tumor patch extracted : 1560 to /app/scripts/patch_classification/train/tumor
/app/data/training/tumor/tumor_013.tif
FOR : /app/data/training/tumor/tumor_013.tif
Number of normal patch extracted : 560 to /app/scripts/patch_classification/train/normal

Number of tumor patch extracted : 240 to /app/scripts/patch_classification/train/tumor
/app/data/training/tumor/tumor_069.tif
FOR : /app/data/training/tumor/tumor_069.tif
Number of normal patch extracted : 400 to /app/scripts/patch_classification/train/normal

Number of tumor patch extracted : 120 to /app/scripts/patch_classification/train/tumor
/app/data/training/tumor/tumor_014.tif
FOR : /app/data/training/tumor/tumor_014.tif
Number of normal patch extracted : 560 to /app/scripts/patch_classification/train/normal

Number of tumor patch extracted : 520 to /app/scripts/patch_classification/train/tumor
/app/data/training/tumor/tumor_070.tif
FOR : /app/data/training/tumor/tumor_070.tif
Number of normal patch extracted : 440 to /app/scripts/patch_classification/train/normal

Number of tumor patch extracted : 80 to /app/scripts/patch_classification/train/tumor
/app/data/training/tumor/tumor_015.tif
FOR : /app/data/training/tumor/tumor_015.tif
Number of normal patch extracted : 600 to /app/scripts/patch_classification/train/normal

Number of tumor patch extracted : 360 to /app/scripts/patch_classification/train/tumor
/app/data/training/tumor/tumor_071.tif
FOR : /app/data/training/tumor/tumor_071.tif
Number of normal patch extracted : 960 to /app/scripts/patch_classification/train/normal

Number of tumor patch extracted : 1640 to /app/scripts/patch_classification/train/tumor
/app/data/training/tumor/tumor_016.tif
FOR : /app/data/training/tumor/tumor_016.tif
Number of normal patch extracted : 440 to /app/scripts/patch_classification/train/normal

Number of tumor patch extracted : 360 to /app/scripts/patch_classification/train/tumor
/app/data/training/tumor/tumor_072.tif
FOR : /app/data/training/tumor/tumor_072.tif
Number of normal patch extracted : 2080 to /app/scripts/patch_classification/train/normal

Number of tumor patch extracted : 160 to /app/scripts/patch_classification/train/tumor
/app/data/training/tumor/tumor_017.tif
FOR : /app/data/training/tumor/tumor_017.tif
Number of normal patch extracted : 640 to /app/scripts/patch_classification/train/normal

Number of tumor patch extracted : 80 to /app/scripts/patch_classification/train/tumor
/app/data/training/tumor/tumor_073.tif
FOR : /app/data/training/tumor/tumor_073.tif
Number of normal patch extracted : 2280 to /app/scripts/patch_classification/train/normal

Number of tumor patch extracted : 40 to /app/scripts/patch_classification/train/tumor
/app/data/training/tumor/tumor_018.tif
FOR : /app/data/training/tumor/tumor_018.tif
Number of normal patch extracted : 840 to /app/scripts/patch_classification/train/normal

Number of tumor patch extracted : 1360 to /app/scripts/patch_classification/train/tumor
/app/data/training/tumor/tumor_074.tif
FOR : /app/data/training/tumor/tumor_074.tif
Number of normal patch extracted : 880 to /app/scripts/patch_classification/train/normal

Number of tumor patch extracted : 320 to /app/scripts/patch_classification/train/tumor
/app/data/training/tumor/tumor_019.tif
FOR : /app/data/training/tumor/tumor_019.tif
Number of normal patch extracted : 280 to /app/scripts/patch_classification/train/normal

Number of tumor patch extracted : 160 to /app/scripts/patch_classification/train/tumor
/app/data/training/tumor/tumor_075.tif
FOR : /app/data/training/tumor/tumor_075.tif
Number of normal patch extracted : 400 to /app/scripts/patch_classification/train/normal

Number of tumor patch extracted : 1160 to /app/scripts/patch_classification/train/tumor
/app/data/training/tumor/tumor_020.tif
FOR : /app/data/training/tumor/tumor_020.tif
Number of normal patch extracted : 1200 to /app/scripts/patch_classification/train/normal

Number of tumor patch extracted : 880 to /app/scripts/patch_classification/train/tumor
/app/data/training/tumor/tumor_076.tif
FOR : /app/data/training/tumor/tumor_076.tif
Number of normal patch extracted : 1360 to /app/scripts/patch_classification/train/normal

Number of tumor patch extracted : 1520 to /app/scripts/patch_classification/train/tumor
/app/data/training/tumor/tumor_021.tif
FOR : /app/data/training/tumor/tumor_021.tif
Number of normal patch extracted : 360 to /app/scripts/patch_classification/train/normal

Number of tumor patch extracted : 1400 to /app/scripts/patch_classification/train/tumor
/app/data/training/tumor/tumor_077.tif
FOR : /app/data/training/tumor/tumor_077.tif
Number of normal patch extracted : 1320 to /app/scripts/patch_classification/train/normal

Number of tumor patch extracted : 520 to /app/scripts/patch_classification/train/tumor
/app/data/training/tumor/tumor_022.tif
FOR : /app/data/training/tumor/tumor_022.tif
Number of normal patch extracted : 1120 to /app/scripts/patch_classification/train/normal

Number of tumor patch extracted : 80 to /app/scripts/patch_classification/train/tumor
/app/data/training/tumor/tumor_078.tif
FOR : /app/data/training/tumor/tumor_078.tif
Number of normal patch extracted : 440 to /app/scripts/patch_classification/train/normal

Number of tumor patch extracted : 3840 to /app/scripts/patch_classification/train/tumor
/app/data/training/tumor/tumor_023.tif
FOR : /app/data/training/tumor/tumor_023.tif
Number of normal patch extracted : 360 to /app/scripts/patch_classification/train/normal

Number of tumor patch extracted : 240 to /app/scripts/patch_classification/train/tumor
/app/data/training/tumor/tumor_079.tif
FOR : /app/data/training/tumor/tumor_079.tif
Number of normal patch extracted : 2200 to /app/scripts/patch_classification/train/normal

Number of tumor patch extracted : 160 to /app/scripts/patch_classification/train/tumor
/app/data/training/tumor/tumor_024.tif
FOR : /app/data/training/tumor/tumor_024.tif
Number of normal patch extracted : 520 to /app/scripts/patch_classification/train/normal

Number of tumor patch extracted : 80 to /app/scripts/patch_classification/train/tumor
/app/data/training/tumor/tumor_080.tif
FOR : /app/data/training/tumor/tumor_080.tif
Number of normal patch extracted : 560 to /app/scripts/patch_classification/train/normal

Number of tumor patch extracted : 480 to /app/scripts/patch_classification/train/tumor
/app/data/training/tumor/tumor_025.tif
FOR : /app/data/training/tumor/tumor_025.tif
Number of normal patch extracted : 400 to /app/scripts/patch_classification/train/normal

Number of tumor patch extracted : 1080 to /app/scripts/patch_classification/train/tumor
/app/data/training/tumor/tumor_081.tif
FOR : /app/data/training/tumor/tumor_081.tif
Number of normal patch extracted : 480 to /app/scripts/patch_classification/train/normal

Number of tumor patch extracted : 40 to /app/scripts/patch_classification/train/tumor
/app/data/training/tumor/tumor_026.tif
FOR : /app/data/training/tumor/tumor_026.tif
Number of normal patch extracted : 1120 to /app/scripts/patch_classification/train/normal

Number of tumor patch extracted : 800 to /app/scripts/patch_classification/train/tumor
/app/data/training/tumor/tumor_082.tif
FOR : /app/data/training/tumor/tumor_082.tif
Number of normal patch extracted : 400 to /app/scripts/patch_classification/train/normal

Number of tumor patch extracted : 160 to /app/scripts/patch_classification/train/tumor
/app/data/training/tumor/tumor_027.tif
FOR : /app/data/training/tumor/tumor_027.tif
Number of normal patch extracted : 600 to /app/scripts/patch_classification/train/normal

Number of tumor patch extracted : 40 to /app/scripts/patch_classification/train/tumor
/app/data/training/tumor/tumor_083.tif
FOR : /app/data/training/tumor/tumor_083.tif
Number of normal patch extracted : 2640 to /app/scripts/patch_classification/train/normal

Number of tumor patch extracted : 200 to /app/scripts/patch_classification/train/tumor
/app/data/training/tumor/tumor_028.tif
FOR : /app/data/training/tumor/tumor_028.tif
Number of normal patch extracted : 520 to /app/scripts/patch_classification/train/normal

Number of tumor patch extracted : 400 to /app/scripts/patch_classification/train/tumor
/app/data/training/tumor/tumor_084.tif
FOR : /app/data/training/tumor/tumor_084.tif
Number of normal patch extracted : 1440 to /app/scripts/patch_classification/train/normal

Number of tumor patch extracted : 2160 to /app/scripts/patch_classification/train/tumor
/app/data/training/tumor/tumor_029.tif
FOR : /app/data/training/tumor/tumor_029.tif
Number of normal patch extracted : 960 to /app/scripts/patch_classification/train/normal

Number of tumor patch extracted : 680 to /app/scripts/patch_classification/train/tumor
/app/data/training/tumor/tumor_085.tif
FOR : /app/data/training/tumor/tumor_085.tif
Number of normal patch extracted : 480 to /app/scripts/patch_classification/train/normal

Number of tumor patch extracted : 2000 to /app/scripts/patch_classification/train/tumor
/app/data/training/tumor/tumor_030.tif
FOR : /app/data/training/tumor/tumor_030.tif
Number of normal patch extracted : 480 to /app/scripts/patch_classification/train/normal

Number of tumor patch extracted : 40 to /app/scripts/patch_classification/train/tumor
/app/data/training/tumor/tumor_086.tif
FOR : /app/data/training/tumor/tumor_086.tif
Number of normal patch extracted : 1360 to /app/scripts/patch_classification/train/normal

Number of tumor patch extracted : 80 to /app/scripts/patch_classification/train/tumor
/app/data/training/tumor/tumor_031.tif
FOR : /app/data/training/tumor/tumor_031.tif
Number of normal patch extracted : 480 to /app/scripts/patch_classification/train/normal

Number of tumor patch extracted : 3440 to /app/scripts/patch_classification/train/tumor
/app/data/training/tumor/tumor_087.tif
FOR : /app/data/training/tumor/tumor_087.tif
Number of normal patch extracted : 680 to /app/scripts/patch_classification/train/normal

Number of tumor patch extracted : 440 to /app/scripts/patch_classification/train/tumor
/app/data/training/tumor/tumor_032.tif
FOR : /app/data/training/tumor/tumor_032.tif
Number of normal patch extracted : 1280 to /app/scripts/patch_classification/train/normal

Number of tumor patch extracted : 160 to /app/scripts/patch_classification/train/tumor
/app/data/training/tumor/tumor_088.tif
FOR : /app/data/training/tumor/tumor_088.tif
Number of normal patch extracted : 520 to /app/scripts/patch_classification/train/normal

Number of tumor patch extracted : 1040 to /app/scripts/patch_classification/train/tumor
/app/data/training/tumor/tumor_033.tif
FOR : /app/data/training/tumor/tumor_033.tif
Number of normal patch extracted : 720 to /app/scripts/patch_classification/train/normal

Number of tumor patch extracted : 480 to /app/scripts/patch_classification/train/tumor
/app/data/training/tumor/tumor_089.tif
FOR : /app/data/training/tumor/tumor_089.tif
Number of normal patch extracted : 1120 to /app/scripts/patch_classification/train/normal

Number of tumor patch extracted : 4640 to /app/scripts/patch_classification/train/tumor
/app/data/training/tumor/tumor_034.tif
FOR : /app/data/training/tumor/tumor_034.tif
Number of normal patch extracted : 520 to /app/scripts/patch_classification/train/normal

Number of tumor patch extracted : 3640 to /app/scripts/patch_classification/train/tumor
/app/data/training/tumor/tumor_090.tif
FOR : /app/data/training/tumor/tumor_090.tif
Number of normal patch extracted : 1560 to /app/scripts/patch_classification/train/normal

Number of tumor patch extracted : 240 to /app/scripts/patch_classification/train/tumor
/app/data/training/tumor/tumor_035.tif
FOR : /app/data/training/tumor/tumor_035.tif
Number of normal patch extracted : 840 to /app/scripts/patch_classification/train/normal

Number of tumor patch extracted : 120 to /app/scripts/patch_classification/train/tumor
/app/data/training/tumor/tumor_091.tif
FOR : /app/data/training/tumor/tumor_091.tif
Number of normal patch extracted : 1240 to /app/scripts/patch_classification/train/normal

Number of tumor patch extracted : 280 to /app/scripts/patch_classification/train/tumor
/app/data/training/tumor/tumor_036.tif
FOR : /app/data/training/tumor/tumor_036.tif
Number of normal patch extracted : 720 to /app/scripts/patch_classification/train/normal

Number of tumor patch extracted : 4200 to /app/scripts/patch_classification/train/tumor
/app/data/training/tumor/tumor_092.tif
FOR : /app/data/training/tumor/tumor_092.tif
Number of normal patch extracted : 1280 to /app/scripts/patch_classification/train/normal

Number of tumor patch extracted : 120 to /app/scripts/patch_classification/train/tumor
/app/data/training/tumor/tumor_037.tif
FOR : /app/data/training/tumor/tumor_037.tif
Number of normal patch extracted : 600 to /app/scripts/patch_classification/train/normal

Number of tumor patch extracted : 1040 to /app/scripts/patch_classification/train/tumor
/app/data/training/tumor/tumor_093.tif
FOR : /app/data/training/tumor/tumor_093.tif
Number of normal patch extracted : 1280 to /app/scripts/patch_classification/train/normal

Number of tumor patch extracted : 40 to /app/scripts/patch_classification/train/tumor
/app/data/training/tumor/tumor_038.tif
FOR : /app/data/training/tumor/tumor_038.tif
Number of normal patch extracted : 400 to /app/scripts/patch_classification/train/normal

Number of tumor patch extracted : 2280 to /app/scripts/patch_classification/train/tumor
/app/data/training/tumor/tumor_094.tif
FOR : /app/data/training/tumor/tumor_094.tif
Number of normal patch extracted : 1600 to /app/scripts/patch_classification/train/normal

Number of tumor patch extracted : 80 to /app/scripts/patch_classification/train/tumor
/app/data/training/tumor/tumor_039.tif
FOR : /app/data/training/tumor/tumor_039.tif
Number of normal patch extracted : 600 to /app/scripts/patch_classification/train/normal

Number of tumor patch extracted : 5920 to /app/scripts/patch_classification/train/tumor
/app/data/training/tumor/tumor_095.tif
FOR : /app/data/training/tumor/tumor_095.tif
Number of normal patch extracted : 920 to /app/scripts/patch_classification/train/normal

Number of tumor patch extracted : 1080 to /app/scripts/patch_classification/train/tumor
/app/data/training/tumor/tumor_040.tif
FOR : /app/data/training/tumor/tumor_040.tif
Number of normal patch extracted : 2040 to /app/scripts/patch_classification/train/normal

Number of tumor patch extracted : 200 to /app/scripts/patch_classification/train/tumor
/app/data/training/tumor/tumor_096.tif
FOR : /app/data/training/tumor/tumor_096.tif
Number of normal patch extracted : 1240 to /app/scripts/patch_classification/train/normal

Number of tumor patch extracted : 1680 to /app/scripts/patch_classification/train/tumor
/app/data/training/tumor/tumor_041.tif
FOR : /app/data/training/tumor/tumor_041.tif
Number of normal patch extracted : 880 to /app/scripts/patch_classification/train/normal

Number of tumor patch extracted : 240 to /app/scripts/patch_classification/train/tumor
/app/data/training/tumor/tumor_097.tif
FOR : /app/data/training/tumor/tumor_097.tif
Number of normal patch extracted : 1720 to /app/scripts/patch_classification/train/normal

Number of tumor patch extracted : 2680 to /app/scripts/patch_classification/train/tumor
/app/data/training/tumor/tumor_042.tif
FOR : /app/data/training/tumor/tumor_042.tif
Number of normal patch extracted : 600 to /app/scripts/patch_classification/train/normal

Number of tumor patch extracted : 40 to /app/scripts/patch_classification/train/tumor
/app/data/training/tumor/tumor_098.tif
FOR : /app/data/training/tumor/tumor_098.tif
Number of normal patch extracted : 1200 to /app/scripts/patch_classification/train/normal

Number of tumor patch extracted : 200 to /app/scripts/patch_classification/train/tumor
/app/data/training/tumor/tumor_043.tif
FOR : /app/data/training/tumor/tumor_043.tif
Number of normal patch extracted : 160 to /app/scripts/patch_classification/train/normal

Number of tumor patch extracted : 40 to /app/scripts/patch_classification/train/tumor
/app/data/training/tumor/tumor_099.tif
FOR : /app/data/training/tumor/tumor_099.tif
Number of normal patch extracted : 1600 to /app/scripts/patch_classification/train/normal

Number of tumor patch extracted : 3680 to /app/scripts/patch_classification/train/tumor
/app/data/training/tumor/tumor_044.tif
FOR : /app/data/training/tumor/tumor_044.tif
Number of normal patch extracted : 360 to /app/scripts/patch_classification/train/normal

Number of tumor patch extracted : 520 to /app/scripts/patch_classification/train/tumor
/app/data/training/tumor/tumor_100.tif
FOR : /app/data/training/tumor/tumor_100.tif
Number of normal patch extracted : 1320 to /app/scripts/patch_classification/train/normal

Number of tumor patch extracted : 80 to /app/scripts/patch_classification/train/tumor
/app/data/training/tumor/tumor_045.tif
FOR : /app/data/training/tumor/tumor_045.tif
Number of normal patch extracted : 360 to /app/scripts/patch_classification/train/normal

Number of tumor patch extracted : 80 to /app/scripts/patch_classification/train/tumor
/app/data/training/tumor/tumor_101.tif
FOR : /app/data/training/tumor/tumor_101.tif
Number of normal patch extracted : 1200 to /app/scripts/patch_classification/train/normal

Number of tumor patch extracted : 320 to /app/scripts/patch_classification/train/tumor
/app/data/training/tumor/tumor_046.tif
FOR : /app/data/training/tumor/tumor_046.tif
Number of normal patch extracted : 1000 to /app/scripts/patch_classification/train/normal

Number of tumor patch extracted : 200 to /app/scripts/patch_classification/train/tumor
/app/data/training/tumor/tumor_102.tif
FOR : /app/data/training/tumor/tumor_102.tif
Number of normal patch extracted : 1560 to /app/scripts/patch_classification/train/normal

Number of tumor patch extracted : 2120 to /app/scripts/patch_classification/train/tumor
/app/data/training/tumor/tumor_047.tif
FOR : /app/data/training/tumor/tumor_047.tif
Number of normal patch extracted : 320 to /app/scripts/patch_classification/train/normal

Number of tumor patch extracted : 2680 to /app/scripts/patch_classification/train/tumor
/app/data/training/tumor/tumor_103.tif
FOR : /app/data/training/tumor/tumor_103.tif
Number of normal patch extracted : 800 to /app/scripts/patch_classification/train/normal

Number of tumor patch extracted : 280 to /app/scripts/patch_classification/train/tumor
/app/data/training/tumor/tumor_048.tif
FOR : /app/data/training/tumor/tumor_048.tif
Number of normal patch extracted : 400 to /app/scripts/patch_classification/train/normal

Number of tumor patch extracted : 120 to /app/scripts/patch_classification/train/tumor
/app/data/training/tumor/tumor_104.tif
FOR : /app/data/training/tumor/tumor_104.tif
Number of normal patch extracted : 2280 to /app/scripts/patch_classification/train/normal

Number of tumor patch extracted : 600 to /app/scripts/patch_classification/train/tumor
/app/data/training/tumor/tumor_049.tif
FOR : /app/data/training/tumor/tumor_049.tif
Number of normal patch extracted : 280 to /app/scripts/patch_classification/train/normal

Number of tumor patch extracted : 80 to /app/scripts/patch_classification/train/tumor
/app/data/training/tumor/tumor_056.tif
FOR : /app/data/training/tumor/tumor_056.tif
Number of normal patch extracted : 1120 to /app/scripts/patch_classification/train/normal

Number of tumor patch extracted : 1240 to /app/scripts/patch_classification/train/tumor
/app/data/training/tumor/tumor_105.tif
FOR : /app/data/training/tumor/tumor_105.tif
Number of normal patch extracted : 840 to /app/scripts/patch_classification/train/normal

Number of tumor patch extracted : 6400 to /app/scripts/patch_classification/train/tumor
/app/data/training/tumor/tumor_057.tif
FOR : /app/data/training/tumor/tumor_057.tif
Number of normal patch extracted : 400 to /app/scripts/patch_classification/train/normal

Number of tumor patch extracted : 800 to /app/scripts/patch_classification/train/tumor
/app/data/training/tumor/tumor_106.tif
FOR : /app/data/training/tumor/tumor_106.tif
Number of normal patch extracted : 1160 to /app/scripts/patch_classification/train/normal

Number of tumor patch extracted : 9120 to /app/scripts/patch_classification/train/tumor
/app/data/training/tumor/tumor_058.tif
FOR : /app/data/training/tumor/tumor_058.tif
Number of normal patch extracted : 280 to /app/scripts/patch_classification/train/normal

Number of tumor patch extracted : 600 to /app/scripts/patch_classification/train/tumor
/app/data/training/tumor/tumor_107.tif
FOR : /app/data/training/tumor/tumor_107.tif
Number of normal patch extracted : 440 to /app/scripts/patch_classification/train/normal

Number of tumor patch extracted : 200 to /app/scripts/patch_classification/train/tumor
/app/data/training/tumor/tumor_059.tif
FOR : /app/data/training/tumor/tumor_059.tif
Number of normal patch extracted : 520 to /app/scripts/patch_classification/train/normal

Number of tumor patch extracted : 40 to /app/scripts/patch_classification/train/tumor
/app/data/training/tumor/tumor_108.tif
FOR : /app/data/training/tumor/tumor_108.tif
Number of normal patch extracted : 1440 to /app/scripts/patch_classification/train/normal

Number of tumor patch extracted : 560 to /app/scripts/patch_classification/train/tumor
/app/data/training/tumor/tumor_060.tif
FOR : /app/data/training/tumor/tumor_060.tif
Number of normal patch extracted : 1000 to /app/scripts/patch_classification/train/normal

Number of tumor patch extracted : 40 to /app/scripts/patch_classification/train/tumor
/app/data/training/tumor/tumor_109.tif
FOR : /app/data/training/tumor/tumor_109.tif
Number of normal patch extracted : 1280 to /app/scripts/patch_classification/train/normal

Number of tumor patch extracted : 800 to /app/scripts/patch_classification/train/tumor
/app/data/training/tumor/tumor_061.tif
FOR : /app/data/training/tumor/tumor_061.tif
Number of normal patch extracted : 880 to /app/scripts/patch_classification/train/normal

Number of tumor patch extracted : 1800 to /app/scripts/patch_classification/train/tumor
/app/data/training/tumor/tumor_110.tif
FOR : /app/data/training/tumor/tumor_110.tif
Number of normal patch extracted : 320 to /app/scripts/patch_classification/train/normal

Number of tumor patch extracted : 1560 to /app/scripts/patch_classification/train/tumor
/app/data/training/tumor/tumor_111.tif
FOR : /app/data/training/tumor/tumor_111.tif
Number of normal patch extracted : 1280 to /app/scripts/patch_classification/train/normal

Number of tumor patch extracted : 360 to /app/scripts/patch_classification/train/tumor


TOTAL NORMAL PATCHES EXTRACTED :  208960

TOTAL TUMOR PATCHES EXTRACTED :  103880
